# JRE version: OpenJDK Runtime Environment Temurin-17.0.19+10 (17.0.19+10) (build 17.0.19+10)
# Java VM: OpenJDK 64-Bit Server VM Temurin-17.0.19+10 (17.0.19+10, mixed mode, sharing, tiered, compressed oops, compressed class ptrs, g1 gc, windows-amd64)
GC Precious Log:
 CPUs: 8 total, 8 available
 Memory: 16057M
 Large Page Support: Disabled
 NUMA Support: Disabled
 Compressed Oops: Enabled (Zero based)
 Heap Region Size: 2M
 Heap Min Capacity: 8M
 Heap Initial Capacity: 8M
 Heap Max Capacity: 4016M
 Pre-touch: Disabled
 Parallel Workers: 8
 Concurrent Workers: 2
 Concurrent Refinement Workers: 8
 Periodic GC: Disabled
Heap:
 garbage-first heap   total 8192K, used 4697K [0x0000000705000000, 0x0000000800000000)
  region size 2048K, 2 young (4096K), 1 survivors (2048K)
 Metaspace       used 8113K, committed 8256K, reserved 1114112K
  class space    used 952K, committed 1024K, reserved 1048576K
GC Heap History (6 events):
Event: 0.145 GC heap before
{Heap before GC invocations=0 (full 0):
 garbage-first heap   total 8192K, used 2048K [0x0000000705000000, 0x0000000800000000)
  region size 2048K, 1 young (2048K), 0 survivors (0K)
 Metaspace       used 1579K, committed 1728K, reserved 1114112K
  class space    used 187K, committed 256K, reserved 1048576K
}
Event: 0.147 GC heap after
{Heap after GC invocations=1 (full 0):
 garbage-first heap   total 8192K, used 1040K [0x0000000705000000, 0x0000000800000000)
  region size 2048K, 1 young (2048K), 1 survivors (2048K)
 Metaspace       used 1579K, committed 1728K, reserved 1114112K
  class space    used 187K, committed 256K, reserved 1048576K
}
Event: 0.304 GC heap before
{Heap before GC invocations=1 (full 0):
 garbage-first heap   total 8192K, used 1040K [0x0000000705000000, 0x0000000800000000)
  region size 2048K, 2 young (4096K), 1 survivors (2048K)
 Metaspace       used 5306K, committed 5504K, reserved 1114112K
  class space    used 650K, committed 768K, reserved 1048576K
}
Event: 0.306 GC heap after
{Heap after GC invocations=2 (full 0):
 garbage-first heap   total 8192K, used 1825K [0x0000000705000000, 0x0000000800000000)
  region size 2048K, 1 young (2048K), 1 survivors (2048K)
 Metaspace       used 5306K, committed 5504K, reserved 1114112K
  class space    used 650K, committed 768K, reserved 1048576K
}
Event: 0.427 GC heap before
{Heap before GC invocations=2 (full 0):
 garbage-first heap   total 8192K, used 1825K [0x0000000705000000, 0x0000000800000000)
  region size 2048K, 2 young (4096K), 1 survivors (2048K)
 Metaspace       used 7808K, committed 7936K, reserved 1114112K
  class space    used 920K, committed 960K, reserved 1048576K
}
Event: 0.430 GC heap after
{Heap after GC invocations=3 (full 0):
 garbage-first heap   total 8192K, used 2649K [0x0000000705000000, 0x0000000800000000)
  region size 2048K, 1 young (2048K), 1 survivors (2048K)
 Metaspace       used 7808K, committed 7936K, reserved 1114112K
  class space    used 920K, committed 960K, reserved 1048576K
}

